<?xml version="1.0" encoding="UTF-8"?>
<!-- Generated by org.testng.reporters.JUnitXMLReporter -->
<testsuite ignored="0" hostname="DESKTOP-P5V0NRJ" failures="0" tests="4" name="ChromeTest" time="17.684" errors="0" timestamp="2022-11-03T15:32:47 IST">
  <testcase classname="com.saucedemo.TestPack.TC_01_LoginActivityValidation" name="VerifyLoginActivity" time="0.026"/>
  <testcase classname="com.saucedemo.TestPack.TC_03_AllProductActivityValidation" name="SelectAllProduct" time="0.411"/>
  <testcase classname="com.saucedemo.TestPack.TC_04_AddBagProductToCart" name="VerifyBagProductAddTocart" time="0.173"/>
  <testcase classname="com.saucedemo.TestPack.TC_02_LogOutActivityValidatn" name="VerifyLogout" time="0.012"/>
</testsuite> <!-- ChromeTest -->
